mode: set
github.com/sensorario/ff/src/step_feature.go:13.47,50.2 16 0
github.com/sensorario/ff/src/step_feature.go:52.40,54.2 1 0
github.com/sensorario/ff/src/branch.go:11.38,14.2 2 1
github.com/sensorario/ff/src/branch.go:16.38,18.2 1 1
github.com/sensorario/ff/src/branch.go:20.32,22.2 1 1
github.com/sensorario/ff/src/branch.go:24.34,26.39 2 1
github.com/sensorario/ff/src/branch.go:31.2,31.14 1 1
github.com/sensorario/ff/src/branch.go:26.39,27.41 1 1
github.com/sensorario/ff/src/branch.go:27.41,29.10 1 1
github.com/sensorario/ff/src/branch.go:34.33,36.2 1 1
github.com/sensorario/ff/src/branch.go:38.33,40.2 1 1
github.com/sensorario/ff/src/branch.go:42.58,44.2 1 1
github.com/sensorario/ff/src/branch.go:46.34,48.2 1 1
github.com/sensorario/ff/src/branch.go:50.39,51.55 1 1
github.com/sensorario/ff/src/branch.go:54.5,54.20 1 1
github.com/sensorario/ff/src/branch.go:51.55,53.6 1 1
github.com/sensorario/ff/src/slugify.go:7.38,12.2 4 1
github.com/sensorario/ff/src/step_final.go:24.45,28.19 2 0
github.com/sensorario/ff/src/step_final.go:41.2,47.42 5 0
github.com/sensorario/ff/src/step_final.go:101.2,103.14 2 0
github.com/sensorario/ff/src/step_final.go:28.19,29.105 1 0
github.com/sensorario/ff/src/step_final.go:36.9,36.21 1 0
github.com/sensorario/ff/src/step_final.go:29.105,31.10 1 0
github.com/sensorario/ff/src/step_final.go:31.15,34.10 2 0
github.com/sensorario/ff/src/step_final.go:37.11,39.6 1 0
github.com/sensorario/ff/src/step_final.go:47.42,67.30 8 0
github.com/sensorario/ff/src/step_final.go:67.30,68.48 1 0
github.com/sensorario/ff/src/step_final.go:68.48,71.102 3 0
github.com/sensorario/ff/src/step_final.go:71.102,75.37 4 0
github.com/sensorario/ff/src/step_final.go:80.6,80.30 1 0
github.com/sensorario/ff/src/step_final.go:75.37,76.40 1 0
github.com/sensorario/ff/src/step_final.go:76.40,78.8 1 0
github.com/sensorario/ff/src/step_final.go:80.30,91.7 4 0
github.com/sensorario/ff/src/step_final.go:92.11,94.18 1 0
github.com/sensorario/ff/src/step_final.go:97.8,99.3 1 0
github.com/sensorario/ff/src/step_final.go:107.38,109.2 1 0
github.com/sensorario/ff/src/conf.go:41.72,54.26 10 0
github.com/sensorario/ff/src/conf.go:58.2,62.35 2 0
github.com/sensorario/ff/src/conf.go:66.2,67.25 2 0
github.com/sensorario/ff/src/conf.go:72.2,76.27 3 0
github.com/sensorario/ff/src/conf.go:81.2,81.45 1 0
github.com/sensorario/ff/src/conf.go:86.2,86.15 1 0
github.com/sensorario/ff/src/conf.go:54.26,56.3 1 0
github.com/sensorario/ff/src/conf.go:62.35,64.3 1 0
github.com/sensorario/ff/src/conf.go:67.25,70.3 2 0
github.com/sensorario/ff/src/conf.go:76.27,79.3 2 0
github.com/sensorario/ff/src/conf.go:81.45,84.3 2 0
github.com/sensorario/ff/src/meta.go:15.31,17.2 1 1
github.com/sensorario/ff/src/meta.go:19.37,24.25 4 1
github.com/sensorario/ff/src/meta.go:28.2,28.18 1 1
github.com/sensorario/ff/src/meta.go:24.25,26.6 1 1
github.com/sensorario/ff/src/meta.go:31.37,35.2 3 1
github.com/sensorario/ff/src/meta.go:37.37,43.2 5 1
github.com/sensorario/ff/src/meta.go:45.37,49.34 3 1
github.com/sensorario/ff/src/meta.go:57.2,57.18 1 1
github.com/sensorario/ff/src/meta.go:49.34,51.6 1 1
github.com/sensorario/ff/src/meta.go:60.40,65.2 4 0
github.com/sensorario/ff/src/meta.go:67.43,71.2 3 1
github.com/sensorario/ff/src/meta.go:73.37,100.2 10 1
github.com/sensorario/ff/src/meta.go:102.37,119.2 8 1
github.com/sensorario/ff/src/step_publish.go:9.47,13.44 3 0
github.com/sensorario/ff/src/step_publish.go:17.2,17.47 1 0
github.com/sensorario/ff/src/step_publish.go:23.2,32.14 3 0
github.com/sensorario/ff/src/step_publish.go:13.44,15.3 1 0
github.com/sensorario/ff/src/step_publish.go:17.47,19.3 1 0
github.com/sensorario/ff/src/step_publish.go:19.8,21.6 1 0
github.com/sensorario/ff/src/step_publish.go:35.40,37.2 1 0
github.com/sensorario/ff/src/step_pull.go:7.44,22.2 5 0
github.com/sensorario/ff/src/step_pull.go:24.37,26.2 1 0
github.com/sensorario/ff/src/main.go:16.47,19.62 2 0
github.com/sensorario/ff/src/main.go:23.2,25.3 1 0
github.com/sensorario/ff/src/main.go:19.62,21.3 1 0
github.com/sensorario/ff/src/main.go:29.13,37.16 4 0
github.com/sensorario/ff/src/main.go:41.2,43.16 2 0
github.com/sensorario/ff/src/main.go:49.2,50.23 2 0
github.com/sensorario/ff/src/main.go:54.2,58.23 3 0
github.com/sensorario/ff/src/main.go:67.2,79.40 4 0
github.com/sensorario/ff/src/main.go:37.16,39.3 1 0
github.com/sensorario/ff/src/main.go:43.16,44.50 1 0
github.com/sensorario/ff/src/main.go:44.50,46.4 1 0
github.com/sensorario/ff/src/main.go:50.23,52.3 1 0
github.com/sensorario/ff/src/main.go:58.23,60.3 1 0
github.com/sensorario/ff/src/main.go:60.8,62.65 2 0
github.com/sensorario/ff/src/main.go:62.65,64.4 1 0
github.com/sensorario/ff/src/main.go:79.40,81.3 1 0
github.com/sensorario/ff/src/main.go:84.65,85.6 1 0
github.com/sensorario/ff/src/main.go:85.6,91.34 4 0
github.com/sensorario/ff/src/main.go:152.3,152.33 1 0
github.com/sensorario/ff/src/main.go:91.34,102.66 5 0
github.com/sensorario/ff/src/main.go:105.4,107.58 2 0
github.com/sensorario/ff/src/main.go:114.4,137.35 10 0
github.com/sensorario/ff/src/main.go:149.4,149.14 1 0
github.com/sensorario/ff/src/main.go:102.66,104.5 1 0
github.com/sensorario/ff/src/main.go:107.58,110.5 2 0
github.com/sensorario/ff/src/main.go:110.10,112.5 1 0
github.com/sensorario/ff/src/main.go:137.35,147.5 3 0
github.com/sensorario/ff/src/main.go:152.33,154.4 1 0
github.com/sensorario/ff/src/step_hotfix.go:13.46,36.2 11 0
github.com/sensorario/ff/src/step_hotfix.go:38.39,40.2 1 0
github.com/sensorario/ff/src/step_initial.go:12.52,15.22 2 0
github.com/sensorario/ff/src/step_initial.go:19.2,23.35 3 0
github.com/sensorario/ff/src/step_initial.go:31.2,35.14 2 0
github.com/sensorario/ff/src/step_initial.go:15.22,17.3 1 0
github.com/sensorario/ff/src/step_initial.go:23.35,25.9 2 0
github.com/sensorario/ff/src/step_initial.go:25.9,28.4 2 0
github.com/sensorario/ff/src/step_initial.go:38.45,40.2 1 0
github.com/sensorario/ff/src/step_tag.go:14.43,33.61 7 0
github.com/sensorario/ff/src/step_tag.go:38.2,52.27 5 0
github.com/sensorario/ff/src/step_tag.go:61.2,73.13 5 0
github.com/sensorario/ff/src/step_tag.go:33.61,35.3 1 0
github.com/sensorario/ff/src/step_tag.go:52.27,57.3 4 0
github.com/sensorario/ff/src/step_tag.go:57.8,59.3 1 0
github.com/sensorario/ff/src/step_tag.go:76.36,78.2 1 0
github.com/sensorario/ff/src/step_bugfix.go:13.46,44.2 13 0
github.com/sensorario/ff/src/step_bugfix.go:46.39,48.2 1 0
github.com/sensorario/ff/src/step_config.go:14.46,16.27 1 0
github.com/sensorario/ff/src/step_config.go:23.2,40.33 6 0
github.com/sensorario/ff/src/step_config.go:46.2,46.11 1 0
github.com/sensorario/ff/src/step_config.go:105.2,107.13 2 0
github.com/sensorario/ff/src/step_config.go:16.27,21.3 4 0
github.com/sensorario/ff/src/step_config.go:40.33,41.19 1 0
github.com/sensorario/ff/src/step_config.go:41.19,43.10 1 0
github.com/sensorario/ff/src/step_config.go:46.11,47.40 1 0
github.com/sensorario/ff/src/step_config.go:51.3,51.33 1 0
github.com/sensorario/ff/src/step_config.go:55.3,55.38 1 0
github.com/sensorario/ff/src/step_config.go:59.3,59.37 1 0
github.com/sensorario/ff/src/step_config.go:63.3,63.33 1 0
github.com/sensorario/ff/src/step_config.go:67.3,67.39 1 0
github.com/sensorario/ff/src/step_config.go:71.3,71.34 1 0
github.com/sensorario/ff/src/step_config.go:75.3,75.37 1 0
github.com/sensorario/ff/src/step_config.go:79.3,79.24 1 0
github.com/sensorario/ff/src/step_config.go:99.3,100.60 2 0
github.com/sensorario/ff/src/step_config.go:47.40,49.4 1 0
github.com/sensorario/ff/src/step_config.go:51.33,53.4 1 0
github.com/sensorario/ff/src/step_config.go:55.38,57.4 1 0
github.com/sensorario/ff/src/step_config.go:59.37,61.4 1 0
github.com/sensorario/ff/src/step_config.go:63.33,65.4 1 0
github.com/sensorario/ff/src/step_config.go:67.39,69.4 1 0
github.com/sensorario/ff/src/step_config.go:71.34,73.4 1 0
github.com/sensorario/ff/src/step_config.go:75.37,77.4 1 0
github.com/sensorario/ff/src/step_config.go:79.24,80.33 1 0
github.com/sensorario/ff/src/step_config.go:80.33,81.59 1 0
github.com/sensorario/ff/src/step_config.go:85.17,85.59 1 0
github.com/sensorario/ff/src/step_config.go:81.59,83.18 1 0
github.com/sensorario/ff/src/step_config.go:85.59,89.18 1 0
github.com/sensorario/ff/src/step_config.go:90.19,96.14 1 0
github.com/sensorario/ff/src/step_config.go:101.8,103.3 1 0
github.com/sensorario/ff/src/step_config.go:110.39,112.2 1 0
github.com/sensorario/ff/src/step_refactor.go:13.51,49.2 14 0
github.com/sensorario/ff/src/step_refactor.go:51.44,53.2 1 0
github.com/sensorario/ff/src/step_undo.go:5.44,18.2 4 0
github.com/sensorario/ff/src/step_undo.go:20.37,22.2 1 0
github.com/sensorario/ff/src/context.go:25.38,27.2 1 0
github.com/sensorario/ff/src/context.go:29.53,31.2 1 0
github.com/sensorario/ff/src/context.go:33.37,35.2 1 0
github.com/sensorario/ff/src/context.go:37.44,39.2 1 0
github.com/sensorario/ff/src/context.go:41.38,43.2 1 0
github.com/sensorario/ff/src/context.go:45.40,47.2 1 0
github.com/sensorario/ff/src/context.go:49.34,50.16 1 0
github.com/sensorario/ff/src/context.go:61.2,61.13 1 0
github.com/sensorario/ff/src/context.go:50.16,59.3 2 0
github.com/sensorario/ff/src/context.go:64.41,67.65 3 0
github.com/sensorario/ff/src/context.go:71.5,71.25 1 0
github.com/sensorario/ff/src/context.go:75.2,76.65 2 0
github.com/sensorario/ff/src/context.go:80.5,80.22 1 0
github.com/sensorario/ff/src/context.go:67.65,69.3 1 0
github.com/sensorario/ff/src/context.go:71.25,73.6 1 0
github.com/sensorario/ff/src/context.go:76.65,78.3 1 0
github.com/sensorario/ff/src/context.go:92.38,108.2 12 0
github.com/sensorario/ff/src/context.go:110.61,133.28 18 0
github.com/sensorario/ff/src/context.go:142.2,145.40 3 0
github.com/sensorario/ff/src/context.go:155.2,155.97 1 0
github.com/sensorario/ff/src/context.go:166.2,166.11 1 0
github.com/sensorario/ff/src/context.go:133.28,136.3 2 0
github.com/sensorario/ff/src/context.go:136.8,137.50 1 0
github.com/sensorario/ff/src/context.go:137.50,139.4 1 0
github.com/sensorario/ff/src/context.go:145.40,151.3 5 0
github.com/sensorario/ff/src/context.go:151.8,153.3 1 0
github.com/sensorario/ff/src/context.go:155.97,156.28 1 0
github.com/sensorario/ff/src/context.go:156.28,161.4 1 0
github.com/sensorario/ff/src/context.go:161.9,163.10 1 0
github.com/sensorario/ff/src/context.go:169.43,171.53 2 0
github.com/sensorario/ff/src/context.go:176.2,177.53 2 0
github.com/sensorario/ff/src/context.go:182.2,183.14 2 0
github.com/sensorario/ff/src/context.go:171.53,174.3 2 0
github.com/sensorario/ff/src/context.go:177.53,180.3 2 0
github.com/sensorario/ff/src/context.go:186.36,192.2 1 0
github.com/sensorario/ff/src/step_authors.go:11.47,21.61 5 0
github.com/sensorario/ff/src/step_authors.go:25.2,45.13 6 0
github.com/sensorario/ff/src/step_authors.go:21.61,23.3 1 0
github.com/sensorario/ff/src/step_authors.go:48.40,50.2 1 0
github.com/sensorario/ff/src/step_commit.go:11.46,42.2 12 0
github.com/sensorario/ff/src/step_commit.go:44.39,46.2 1 0
github.com/sensorario/ff/src/step_complete.go:13.54,16.65 3 0
github.com/sensorario/ff/src/step_complete.go:19.5,19.25 1 0
github.com/sensorario/ff/src/step_complete.go:27.2,50.43 8 0
github.com/sensorario/ff/src/step_complete.go:89.2,98.35 4 0
github.com/sensorario/ff/src/step_complete.go:116.2,118.13 2 0
github.com/sensorario/ff/src/step_complete.go:16.65,18.3 1 0
github.com/sensorario/ff/src/step_complete.go:19.25,21.72 2 0
github.com/sensorario/ff/src/step_complete.go:21.72,23.10 1 0
github.com/sensorario/ff/src/step_complete.go:50.43,66.76 6 0
github.com/sensorario/ff/src/step_complete.go:71.3,71.21 1 0
github.com/sensorario/ff/src/step_complete.go:76.3,84.23 3 0
github.com/sensorario/ff/src/step_complete.go:66.76,69.4 2 0
github.com/sensorario/ff/src/step_complete.go:71.21,74.4 2 0
github.com/sensorario/ff/src/step_complete.go:85.8,87.3 1 0
github.com/sensorario/ff/src/step_complete.go:98.35,114.3 4 0
github.com/sensorario/ff/src/step_complete.go:121.47,123.2 1 0
github.com/sensorario/ff/src/step_conf.go:12.44,27.2 8 0
github.com/sensorario/ff/src/step_conf.go:29.37,31.2 1 0
github.com/sensorario/ff/src/step_patch.go:13.45,49.2 14 0
github.com/sensorario/ff/src/step_patch.go:51.38,53.2 1 0
github.com/sensorario/ff/src/step_fetch_all.go:7.48,27.2 6 0
github.com/sensorario/ff/src/step_fetch_all.go:29.41,31.2 1 0
github.com/sensorario/ff/src/step_help.go:14.24,16.2 1 0
github.com/sensorario/ff/src/step_help.go:20.44,28.35 4 0
github.com/sensorario/ff/src/step_help.go:36.2,44.35 7 0
github.com/sensorario/ff/src/step_help.go:57.2,61.13 3 0
github.com/sensorario/ff/src/step_help.go:28.35,31.19 3 0
github.com/sensorario/ff/src/step_help.go:31.19,33.4 1 0
github.com/sensorario/ff/src/step_help.go:44.35,46.18 2 0
github.com/sensorario/ff/src/step_help.go:46.18,48.31 2 0
github.com/sensorario/ff/src/step_help.go:48.31,53.5 1 0
github.com/sensorario/ff/src/step_help.go:64.37,66.2 1 0
github.com/sensorario/ff/src/step_status.go:11.46,20.2 3 0
github.com/sensorario/ff/src/step_status.go:22.39,24.2 1 0
github.com/sensorario/ff/src/git_command.go:20.44,22.2 1 0
github.com/sensorario/ff/src/git_command.go:24.43,26.2 1 0
github.com/sensorario/ff/src/git_command.go:28.40,36.50 6 0
github.com/sensorario/ff/src/git_command.go:41.5,52.16 2 0
github.com/sensorario/ff/src/git_command.go:65.2,65.23 1 0
github.com/sensorario/ff/src/git_command.go:36.50,39.3 2 0
github.com/sensorario/ff/src/git_command.go:52.16,57.39 3 0
github.com/sensorario/ff/src/git_command.go:62.3,62.13 1 0
github.com/sensorario/ff/src/git_command.go:57.39,60.4 2 0
github.com/sensorario/ff/src/repository.go:13.62,15.2 1 0
github.com/sensorario/ff/src/repository.go:17.114,20.16 3 1
github.com/sensorario/ff/src/repository.go:26.2,26.38 1 1
github.com/sensorario/ff/src/repository.go:29.2,29.16 1 1
github.com/sensorario/ff/src/repository.go:20.16,21.19 1 1
github.com/sensorario/ff/src/repository.go:24.3,24.71 1 1
github.com/sensorario/ff/src/repository.go:21.19,23.4 1 1
github.com/sensorario/ff/src/repository.go:26.38,28.3 1 1
github.com/sensorario/ff/src/step.go:12.31,14.2 1 0
github.com/sensorario/ff/src/step_check_tag.go:16.48,18.63 2 0
github.com/sensorario/ff/src/step_check_tag.go:22.2,22.20 1 0
github.com/sensorario/ff/src/step_check_tag.go:89.2,91.13 2 0
github.com/sensorario/ff/src/step_check_tag.go:18.63,20.3 1 0
github.com/sensorario/ff/src/step_check_tag.go:22.20,34.17 7 0
github.com/sensorario/ff/src/step_check_tag.go:34.17,38.42 2 0
github.com/sensorario/ff/src/step_check_tag.go:52.4,54.45 2 0
github.com/sensorario/ff/src/step_check_tag.go:68.4,68.42 1 0
github.com/sensorario/ff/src/step_check_tag.go:38.42,47.36 4 0
github.com/sensorario/ff/src/step_check_tag.go:47.36,49.6 1 0
github.com/sensorario/ff/src/step_check_tag.go:54.45,66.5 3 0
github.com/sensorario/ff/src/step_check_tag.go:68.42,78.36 4 0
github.com/sensorario/ff/src/step_check_tag.go:78.36,83.6 4 0
github.com/sensorario/ff/src/step_check_tag.go:94.41,96.2 1 0
github.com/sensorario/ff/src/step_commit_working_dir.go:10.49,14.53 3 0
github.com/sensorario/ff/src/step_commit_working_dir.go:19.2,19.24 1 0
github.com/sensorario/ff/src/step_commit_working_dir.go:23.2,25.13 2 0
github.com/sensorario/ff/src/step_commit_working_dir.go:14.53,17.3 2 0
github.com/sensorario/ff/src/step_commit_working_dir.go:19.24,21.3 1 0
github.com/sensorario/ff/src/step_commit_working_dir.go:28.42,30.2 1 0
github.com/sensorario/ff/src/step_reset.go:5.45,27.2 6 0
github.com/sensorario/ff/src/step_reset.go:29.38,31.2 1 0
